{"C:\\Users\\Usuario\\Documents\\MISOProyectos\\CuartoSemestre\\Métricas y calidad\\Metricas\\MISW4403_202414_E15\\src\\app.controller.ts": {"path":"C:\\Users\\Usuario\\Documents\\MISOProyectos\\CuartoSemestre\\Métricas y calidad\\Metricas\\MISW4403_202414_E15\\src\\app.controller.ts","statementMap":{"0":{"start":{"line":1,"column":0},"end":{"line":1,"column":49}},"1":{"start":{"line":2,"column":0},"end":{"line":2,"column":43}},"2":{"start":{"line":5,"column":7},"end":{"line":12,"column":null}},"3":{"start":{"line":6,"column":31},"end":{"line":6,"column":43}},"4":{"start":{"line":10,"column":4},"end":{"line":10,"column":38}},"5":{"start":{"line":5,"column":13},"end":{"line":5,"column":26}},"6":{"start":{"line":9,"column":2},"end":{"line":11,"column":null}},"7":{"start":{"line":5,"column":13},"end":{"line":12,"column":null}}},"fnMap":{"0":{"name":"(anonymous_2)","decl":{"start":{"line":6,"column":2},"end":{"line":6,"column":31}},"loc":{"start":{"line":6,"column":53},"end":{"line":6,"column":57}}},"1":{"name":"(anonymous_3)","decl":{"start":{"line":9,"column":2},"end":{"line":9,"column":10}},"loc":{"start":{"line":9,"column":10},"end":{"line":11,"column":3}}}},"branchMap":{},"s":{"0":0,"1":0,"2":0,"3":0,"4":0,"5":0,"6":0,"7":0},"f":{"0":0,"1":0},"b":{}}
,"C:\\Users\\Usuario\\Documents\\MISOProyectos\\CuartoSemestre\\Métricas y calidad\\Metricas\\MISW4403_202414_E15\\src\\app.module.ts": {"path":"C:\\Users\\Usuario\\Documents\\MISOProyectos\\CuartoSemestre\\Métricas y calidad\\Metricas\\MISW4403_202414_E15\\src\\app.module.ts","statementMap":{"0":{"start":{"line":1,"column":0},"end":{"line":1,"column":40}},"1":{"start":{"line":2,"column":0},"end":{"line":2,"column":51}},"2":{"start":{"line":3,"column":0},"end":{"line":3,"column":49}},"3":{"start":{"line":4,"column":0},"end":{"line":4,"column":43}},"4":{"start":{"line":5,"column":0},"end":{"line":5,"column":46}},"5":{"start":{"line":6,"column":0},"end":{"line":6,"column":48}},"6":{"start":{"line":7,"column":0},"end":{"line":7,"column":48}},"7":{"start":{"line":8,"column":0},"end":{"line":8,"column":48}},"8":{"start":{"line":9,"column":0},"end":{"line":9,"column":53}},"9":{"start":{"line":10,"column":0},"end":{"line":10,"column":48}},"10":{"start":{"line":11,"column":0},"end":{"line":11,"column":28}},"11":{"start":{"line":12,"column":0},"end":{"line":12,"column":46}},"12":{"start":{"line":48,"column":7},"end":{"line":48,"column":null}},"13":{"start":{"line":48,"column":13},"end":{"line":48,"column":22}},"14":{"start":{"line":48,"column":13},"end":{"line":48,"column":null}},"15":{"start":{"line":29,"column":31},"end":{"line":36,"column":8}}},"fnMap":{"0":{"name":"(anonymous_1)","decl":{"start":{"line":29,"column":18},"end":{"line":29,"column":23}},"loc":{"start":{"line":29,"column":31},"end":{"line":36,"column":8}}}},"branchMap":{},"s":{"0":0,"1":0,"2":0,"3":0,"4":0,"5":0,"6":0,"7":0,"8":0,"9":0,"10":0,"11":0,"12":0,"13":0,"14":0,"15":0},"f":{"0":0},"b":{}}
,"C:\\Users\\Usuario\\Documents\\MISOProyectos\\CuartoSemestre\\Métricas y calidad\\Metricas\\MISW4403_202414_E15\\src\\app.service.ts": {"path":"C:\\Users\\Usuario\\Documents\\MISOProyectos\\CuartoSemestre\\Métricas y calidad\\Metricas\\MISW4403_202414_E15\\src\\app.service.ts","statementMap":{"0":{"start":{"line":1,"column":0},"end":{"line":1,"column":44}},"1":{"start":{"line":4,"column":7},"end":{"line":8,"column":null}},"2":{"start":{"line":6,"column":4},"end":{"line":6,"column":26}},"3":{"start":{"line":4,"column":13},"end":{"line":4,"column":23}},"4":{"start":{"line":4,"column":13},"end":{"line":8,"column":null}}},"fnMap":{"0":{"name":"(anonymous_1)","decl":{"start":{"line":5,"column":2},"end":{"line":5,"column":10}},"loc":{"start":{"line":5,"column":10},"end":{"line":7,"column":3}}}},"branchMap":{},"s":{"0":0,"1":0,"2":0,"3":0,"4":0},"f":{"0":0},"b":{}}
,"C:\\Users\\Usuario\\Documents\\MISOProyectos\\CuartoSemestre\\Métricas y calidad\\Metricas\\MISW4403_202414_E15\\src\\main.ts": {"path":"C:\\Users\\Usuario\\Documents\\MISOProyectos\\CuartoSemestre\\Métricas y calidad\\Metricas\\MISW4403_202414_E15\\src\\main.ts","statementMap":{"0":{"start":{"line":1,"column":0},"end":{"line":1,"column":43}},"1":{"start":{"line":2,"column":0},"end":{"line":2,"column":41}},"2":{"start":{"line":3,"column":0},"end":{"line":3,"column":64}},"3":{"start":{"line":6,"column":14},"end":{"line":6,"column":49}},"4":{"start":{"line":7,"column":2},"end":{"line":11,"column":5}},"5":{"start":{"line":13,"column":2},"end":{"line":16,"column":6}},"6":{"start":{"line":17,"column":2},"end":{"line":17,"column":25}},"7":{"start":{"line":19,"column":0},"end":{"line":19,"column":12}}},"fnMap":{"0":{"name":"bootstrap","decl":{"start":{"line":5,"column":15},"end":{"line":5,"column":24}},"loc":{"start":{"line":5,"column":24},"end":{"line":18,"column":1}}}},"branchMap":{},"s":{"0":0,"1":0,"2":0,"3":0,"4":0,"5":0,"6":0,"7":0},"f":{"0":0},"b":{}}
,"C:\\Users\\Usuario\\Documents\\MISOProyectos\\CuartoSemestre\\Métricas y calidad\\Metricas\\MISW4403_202414_E15\\src\\auth\\auth.module.ts": {"path":"C:\\Users\\Usuario\\Documents\\MISOProyectos\\CuartoSemestre\\Métricas y calidad\\Metricas\\MISW4403_202414_E15\\src\\auth\\auth.module.ts","statementMap":{"0":{"start":{"line":1,"column":0},"end":{"line":1,"column":40}},"1":{"start":{"line":2,"column":0},"end":{"line":2,"column":52}},"2":{"start":{"line":3,"column":0},"end":{"line":3,"column":50}},"3":{"start":{"line":4,"column":0},"end":{"line":4,"column":51}},"4":{"start":{"line":5,"column":0},"end":{"line":5,"column":53}},"5":{"start":{"line":6,"column":0},"end":{"line":6,"column":49}},"6":{"start":{"line":7,"column":0},"end":{"line":7,"column":45}},"7":{"start":{"line":8,"column":0},"end":{"line":8,"column":60}},"8":{"start":{"line":9,"column":0},"end":{"line":9,"column":56}},"9":{"start":{"line":10,"column":0},"end":{"line":10,"column":50}},"10":{"start":{"line":25,"column":7},"end":{"line":25,"column":null}},"11":{"start":{"line":25,"column":13},"end":{"line":25,"column":23}},"12":{"start":{"line":25,"column":13},"end":{"line":25,"column":null}}},"fnMap":{},"branchMap":{},"s":{"0":0,"1":0,"2":0,"3":0,"4":0,"5":0,"6":0,"7":0,"8":0,"9":0,"10":0,"11":0,"12":0},"f":{},"b":{}}
,"C:\\Users\\Usuario\\Documents\\MISOProyectos\\CuartoSemestre\\Métricas y calidad\\Metricas\\MISW4403_202414_E15\\src\\auth\\auth.service.ts": {"path":"C:\\Users\\Usuario\\Documents\\MISOProyectos\\CuartoSemestre\\Métricas y calidad\\Metricas\\MISW4403_202414_E15\\src\\auth\\auth.service.ts","statementMap":{"0":{"start":{"line":1,"column":0},"end":{"line":1,"column":44}},"1":{"start":{"line":2,"column":0},"end":{"line":2,"column":41}},"2":{"start":{"line":3,"column":0},"end":{"line":3,"column":53}},"3":{"start":{"line":4,"column":0},"end":{"line":4,"column":51}},"4":{"start":{"line":8,"column":7},"end":{"line":30,"column":null}},"5":{"start":{"line":10,"column":16},"end":{"line":10,"column":30}},"6":{"start":{"line":11,"column":16},"end":{"line":11,"column":28}},"7":{"start":{"line":15,"column":27},"end":{"line":15,"column":68}},"8":{"start":{"line":16,"column":8},"end":{"line":19,"column":9}},"9":{"start":{"line":17,"column":44},"end":{"line":17,"column":48}},"10":{"start":{"line":18,"column":12},"end":{"line":18,"column":26}},"11":{"start":{"line":20,"column":8},"end":{"line":20,"column":20}},"12":{"start":{"line":24,"column":24},"end":{"line":24,"column":96}},"13":{"start":{"line":25,"column":8},"end":{"line":27,"column":10}},"14":{"start":{"line":8,"column":13},"end":{"line":8,"column":24}},"15":{"start":{"line":8,"column":13},"end":{"line":30,"column":null}}},"fnMap":{"0":{"name":"(anonymous_2)","decl":{"start":{"line":9,"column":4},"end":{"line":9,"column":null}},"loc":{"start":{"line":11,"column":38},"end":{"line":12,"column":8}}},"1":{"name":"(anonymous_3)","decl":{"start":{"line":14,"column":4},"end":{"line":14,"column":9}},"loc":{"start":{"line":14,"column":57},"end":{"line":21,"column":5}}},"2":{"name":"(anonymous_4)","decl":{"start":{"line":23,"column":4},"end":{"line":23,"column":9}},"loc":{"start":{"line":23,"column":24},"end":{"line":28,"column":5}}}},"branchMap":{"0":{"loc":{"start":{"line":16,"column":8},"end":{"line":19,"column":9}},"type":"if","locations":[{"start":{"line":16,"column":8},"end":{"line":19,"column":9}}]},"1":{"loc":{"start":{"line":16,"column":12},"end":{"line":16,"column":46}},"type":"binary-expr","locations":[{"start":{"line":16,"column":12},"end":{"line":16,"column":16}},{"start":{"line":16,"column":20},"end":{"line":16,"column":46}}]}},"s":{"0":3,"1":3,"2":3,"3":3,"4":3,"5":4,"6":4,"7":2,"8":2,"9":1,"10":1,"11":1,"12":1,"13":1,"14":3,"15":3},"f":{"0":4,"1":2,"2":1},"b":{"0":[1],"1":[2,1]}}
,"C:\\Users\\Usuario\\Documents\\MISOProyectos\\CuartoSemestre\\Métricas y calidad\\Metricas\\MISW4403_202414_E15\\src\\auth\\guards\\roles.guard.ts": {"path":"C:\\Users\\Usuario\\Documents\\MISOProyectos\\CuartoSemestre\\Métricas y calidad\\Metricas\\MISW4403_202414_E15\\src\\auth\\guards\\roles.guard.ts","statementMap":{"0":{"start":{"line":1,"column":0},"end":{"line":1,"column":98}},"1":{"start":{"line":2,"column":0},"end":{"line":2,"column":41}},"2":{"start":{"line":6,"column":7},"end":{"line":31,"column":null}},"3":{"start":{"line":7,"column":24},"end":{"line":7,"column":35}},"4":{"start":{"line":10,"column":30},"end":{"line":10,"column":87}},"5":{"start":{"line":11,"column":8},"end":{"line":13,"column":9}},"6":{"start":{"line":12,"column":12},"end":{"line":12,"column":24}},"7":{"start":{"line":15,"column":24},"end":{"line":15,"column":59}},"8":{"start":{"line":16,"column":21},"end":{"line":16,"column":33}},"9":{"start":{"line":18,"column":8},"end":{"line":18,"column":48}},"10":{"start":{"line":20,"column":8},"end":{"line":22,"column":9}},"11":{"start":{"line":21,"column":12},"end":{"line":21,"column":76}},"12":{"start":{"line":24,"column":24},"end":{"line":24,"column":85}},"13":{"start":{"line":24,"column":30},"end":{"line":24,"column":85}},"14":{"start":{"line":24,"column":56},"end":{"line":24,"column":84}},"15":{"start":{"line":25,"column":8},"end":{"line":27,"column":9}},"16":{"start":{"line":26,"column":12},"end":{"line":26,"column":107}},"17":{"start":{"line":29,"column":8},"end":{"line":29,"column":20}},"18":{"start":{"line":6,"column":13},"end":{"line":6,"column":23}},"19":{"start":{"line":6,"column":13},"end":{"line":31,"column":null}}},"fnMap":{"0":{"name":"(anonymous_2)","decl":{"start":{"line":7,"column":4},"end":{"line":7,"column":24}},"loc":{"start":{"line":7,"column":44},"end":{"line":7,"column":48}}},"1":{"name":"(anonymous_3)","decl":{"start":{"line":9,"column":4},"end":{"line":9,"column":15}},"loc":{"start":{"line":9,"column":41},"end":{"line":30,"column":5}}},"2":{"name":"(anonymous_4)","decl":{"start":{"line":24,"column":24},"end":{"line":24,"column":27}},"loc":{"start":{"line":24,"column":30},"end":{"line":24,"column":85}}},"3":{"name":"(anonymous_5)","decl":{"start":{"line":24,"column":46},"end":{"line":24,"column":47}},"loc":{"start":{"line":24,"column":56},"end":{"line":24,"column":84}}}},"branchMap":{"0":{"loc":{"start":{"line":11,"column":8},"end":{"line":13,"column":9}},"type":"if","locations":[{"start":{"line":11,"column":8},"end":{"line":13,"column":9}}]},"1":{"loc":{"start":{"line":20,"column":8},"end":{"line":22,"column":9}},"type":"if","locations":[{"start":{"line":20,"column":8},"end":{"line":22,"column":9}}]},"2":{"loc":{"start":{"line":25,"column":8},"end":{"line":27,"column":9}},"type":"if","locations":[{"start":{"line":25,"column":8},"end":{"line":27,"column":9}}]}},"s":{"0":0,"1":0,"2":0,"3":0,"4":0,"5":0,"6":0,"7":0,"8":0,"9":0,"10":0,"11":0,"12":0,"13":0,"14":0,"15":0,"16":0,"17":0,"18":0,"19":0},"f":{"0":0,"1":0,"2":0,"3":0},"b":{"0":[0],"1":[0],"2":[0]}}
,"C:\\Users\\Usuario\\Documents\\MISOProyectos\\CuartoSemestre\\Métricas y calidad\\Metricas\\MISW4403_202414_E15\\src\\auth\\guards\\jwt-auth\\jwt-auth.guard.ts": {"path":"C:\\Users\\Usuario\\Documents\\MISOProyectos\\CuartoSemestre\\Métricas y calidad\\Metricas\\MISW4403_202414_E15\\src\\auth\\guards\\jwt-auth\\jwt-auth.guard.ts","statementMap":{"0":{"start":{"line":1,"column":0},"end":{"line":1,"column":44}},"1":{"start":{"line":2,"column":0},"end":{"line":2,"column":45}},"2":{"start":{"line":5,"column":7},"end":{"line":5,"column":null}},"3":{"start":{"line":5,"column":13},"end":{"line":5,"column":25}},"4":{"start":{"line":5,"column":13},"end":{"line":5,"column":null}}},"fnMap":{},"branchMap":{},"s":{"0":0,"1":0,"2":0,"3":0,"4":0},"f":{},"b":{}}
,"C:\\Users\\Usuario\\Documents\\MISOProyectos\\CuartoSemestre\\Métricas y calidad\\Metricas\\MISW4403_202414_E15\\src\\auth\\guards\\local-auth\\local-auth.guard.ts": {"path":"C:\\Users\\Usuario\\Documents\\MISOProyectos\\CuartoSemestre\\Métricas y calidad\\Metricas\\MISW4403_202414_E15\\src\\auth\\guards\\local-auth\\local-auth.guard.ts","statementMap":{"0":{"start":{"line":1,"column":0},"end":{"line":1,"column":44}},"1":{"start":{"line":2,"column":0},"end":{"line":2,"column":45}},"2":{"start":{"line":5,"column":7},"end":{"line":5,"column":null}},"3":{"start":{"line":5,"column":13},"end":{"line":5,"column":27}},"4":{"start":{"line":5,"column":13},"end":{"line":5,"column":null}}},"fnMap":{},"branchMap":{},"s":{"0":1,"1":1,"2":1,"3":1,"4":1},"f":{},"b":{}}
,"C:\\Users\\Usuario\\Documents\\MISOProyectos\\CuartoSemestre\\Métricas y calidad\\Metricas\\MISW4403_202414_E15\\src\\auth\\strategies\\jwt-strategy.ts": {"path":"C:\\Users\\Usuario\\Documents\\MISOProyectos\\CuartoSemestre\\Métricas y calidad\\Metricas\\MISW4403_202414_E15\\src\\auth\\strategies\\jwt-strategy.ts","statementMap":{"0":{"start":{"line":1,"column":0},"end":{"line":1,"column":44}},"1":{"start":{"line":2,"column":0},"end":{"line":2,"column":52}},"2":{"start":{"line":3,"column":0},"end":{"line":3,"column":52}},"3":{"start":{"line":4,"column":0},"end":{"line":4,"column":56}},"4":{"start":{"line":7,"column":7},"end":{"line":19,"column":null}},"5":{"start":{"line":9,"column":8},"end":{"line":13,"column":11}},"6":{"start":{"line":17,"column":8},"end":{"line":17,"column":89}},"7":{"start":{"line":7,"column":13},"end":{"line":7,"column":24}},"8":{"start":{"line":7,"column":13},"end":{"line":19,"column":null}}},"fnMap":{"0":{"name":"(anonymous_2)","decl":{"start":{"line":8,"column":4},"end":{"line":8,"column":null}},"loc":{"start":{"line":8,"column":4},"end":{"line":14,"column":5}}},"1":{"name":"(anonymous_3)","decl":{"start":{"line":16,"column":4},"end":{"line":16,"column":9}},"loc":{"start":{"line":16,"column":31},"end":{"line":18,"column":5}}}},"branchMap":{},"s":{"0":1,"1":1,"2":1,"3":1,"4":1,"5":2,"6":1,"7":1,"8":1},"f":{"0":2,"1":1},"b":{}}
,"C:\\Users\\Usuario\\Documents\\MISOProyectos\\CuartoSemestre\\Métricas y calidad\\Metricas\\MISW4403_202414_E15\\src\\auth\\strategies\\local-strategy.ts": {"path":"C:\\Users\\Usuario\\Documents\\MISOProyectos\\CuartoSemestre\\Métricas y calidad\\Metricas\\MISW4403_202414_E15\\src\\auth\\strategies\\local-strategy.ts","statementMap":{"0":{"start":{"line":1,"column":0},"end":{"line":1,"column":42}},"1":{"start":{"line":2,"column":0},"end":{"line":2,"column":52}},"2":{"start":{"line":3,"column":0},"end":{"line":3,"column":67}},"3":{"start":{"line":4,"column":0},"end":{"line":4,"column":48}},"4":{"start":{"line":7,"column":7},"end":{"line":19,"column":null}},"5":{"start":{"line":9,"column":4},"end":{"line":9,"column":12}},"6":{"start":{"line":8,"column":22},"end":{"line":8,"column":35}},"7":{"start":{"line":13,"column":17},"end":{"line":13,"column":72}},"8":{"start":{"line":14,"column":4},"end":{"line":16,"column":5}},"9":{"start":{"line":15,"column":6},"end":{"line":15,"column":40}},"10":{"start":{"line":17,"column":4},"end":{"line":17,"column":16}},"11":{"start":{"line":7,"column":13},"end":{"line":7,"column":26}},"12":{"start":{"line":7,"column":13},"end":{"line":19,"column":null}}},"fnMap":{"0":{"name":"(anonymous_2)","decl":{"start":{"line":8,"column":2},"end":{"line":8,"column":22}},"loc":{"start":{"line":8,"column":46},"end":{"line":10,"column":3}}},"1":{"name":"(anonymous_3)","decl":{"start":{"line":12,"column":2},"end":{"line":12,"column":7}},"loc":{"start":{"line":12,"column":51},"end":{"line":18,"column":3}}}},"branchMap":{"0":{"loc":{"start":{"line":14,"column":4},"end":{"line":16,"column":5}},"type":"if","locations":[{"start":{"line":14,"column":4},"end":{"line":16,"column":5}}]}},"s":{"0":1,"1":1,"2":1,"3":1,"4":1,"5":3,"6":3,"7":2,"8":2,"9":1,"10":1,"11":1,"12":1},"f":{"0":3,"1":2},"b":{"0":[1]}}
,"C:\\Users\\Usuario\\Documents\\MISOProyectos\\CuartoSemestre\\Métricas y calidad\\Metricas\\MISW4403_202414_E15\\src\\shared\\errors\\business-errors.ts": {"path":"C:\\Users\\Usuario\\Documents\\MISOProyectos\\CuartoSemestre\\Métricas y calidad\\Metricas\\MISW4403_202414_E15\\src\\shared\\errors\\business-errors.ts","statementMap":{"0":{"start":{"line":1,"column":0},"end":{"line":1,"column":59}},"1":{"start":{"line":5,"column":4},"end":{"line":5,"column":27}},"2":{"start":{"line":3,"column":0},"end":{"line":3,"column":13}}},"fnMap":{"0":{"name":"(anonymous_0)","decl":{"start":{"line":4,"column":2},"end":{"line":4,"column":14}},"loc":{"start":{"line":4,"column":49},"end":{"line":6,"column":3}}}},"branchMap":{},"s":{"0":0,"1":0,"2":0},"f":{"0":0},"b":{}}
,"C:\\Users\\Usuario\\Documents\\MISOProyectos\\CuartoSemestre\\Métricas y calidad\\Metricas\\MISW4403_202414_E15\\src\\shared\\security\\constants.ts": {"path":"C:\\Users\\Usuario\\Documents\\MISOProyectos\\CuartoSemestre\\Métricas y calidad\\Metricas\\MISW4403_202414_E15\\src\\shared\\security\\constants.ts","statementMap":{"0":{"start":{"line":1,"column":21},"end":{"line":4,"column":null}},"1":{"start":{"line":6,"column":0},"end":{"line":6,"column":28}}},"fnMap":{},"branchMap":{},"s":{"0":4,"1":4},"f":{},"b":{}}
,"C:\\Users\\Usuario\\Documents\\MISOProyectos\\CuartoSemestre\\Métricas y calidad\\Metricas\\MISW4403_202414_E15\\src\\user\\role.enum.ts": {"path":"C:\\Users\\Usuario\\Documents\\MISOProyectos\\CuartoSemestre\\Métricas y calidad\\Metricas\\MISW4403_202414_E15\\src\\user\\role.enum.ts","statementMap":{"0":{"start":{"line":1,"column":0},"end":{"line":1,"column":null}},"1":{"start":{"line":2,"column":4},"end":{"line":2,"column":null}},"2":{"start":{"line":3,"column":4},"end":{"line":3,"column":null}},"3":{"start":{"line":4,"column":4},"end":{"line":4,"column":null}},"4":{"start":{"line":5,"column":4},"end":{"line":5,"column":null}},"5":{"start":{"line":6,"column":4},"end":{"line":6,"column":null}},"6":{"start":{"line":7,"column":4},"end":{"line":7,"column":null}}},"fnMap":{"0":{"name":"(anonymous_0)","decl":{"start":{"line":1,"column":0},"end":{"line":1,"column":12}},"loc":{"start":{"line":1,"column":16},"end":{"line":8,"column":1}}}},"branchMap":{"0":{"loc":{"start":{"line":1,"column":12},"end":{"line":1,"column":null}},"type":"binary-expr","locations":[{"start":{"line":1,"column":12},"end":{"line":1,"column":16}},{"start":{"line":1,"column":16},"end":{"line":1,"column":null}}]}},"s":{"0":0,"1":0,"2":0,"3":0,"4":0,"5":0,"6":0},"f":{"0":0},"b":{"0":[0,0]}}
,"C:\\Users\\Usuario\\Documents\\MISOProyectos\\CuartoSemestre\\Métricas y calidad\\Metricas\\MISW4403_202414_E15\\src\\user\\roles.decorator.ts": {"path":"C:\\Users\\Usuario\\Documents\\MISOProyectos\\CuartoSemestre\\Métricas y calidad\\Metricas\\MISW4403_202414_E15\\src\\user\\roles.decorator.ts","statementMap":{"0":{"start":{"line":1,"column":0},"end":{"line":1,"column":45}},"1":{"start":{"line":4,"column":21},"end":{"line":4,"column":70}},"2":{"start":{"line":4,"column":43},"end":{"line":4,"column":70}},"3":{"start":{"line":4,"column":13},"end":{"line":4,"column":21}}},"fnMap":{"0":{"name":"(anonymous_0)","decl":{"start":{"line":4,"column":21},"end":{"line":4,"column":22}},"loc":{"start":{"line":4,"column":43},"end":{"line":4,"column":70}}}},"branchMap":{},"s":{"0":0,"1":0,"2":0,"3":0},"f":{"0":0},"b":{}}
,"C:\\Users\\Usuario\\Documents\\MISOProyectos\\CuartoSemestre\\Métricas y calidad\\Metricas\\MISW4403_202414_E15\\src\\user\\user.controller.ts": {"path":"C:\\Users\\Usuario\\Documents\\MISOProyectos\\CuartoSemestre\\Métricas y calidad\\Metricas\\MISW4403_202414_E15\\src\\user\\user.controller.ts","statementMap":{"0":{"start":{"line":1,"column":0},"end":{"line":1,"column":66}},"1":{"start":{"line":2,"column":0},"end":{"line":2,"column":51}},"2":{"start":{"line":3,"column":0},"end":{"line":3,"column":76}},"3":{"start":{"line":6,"column":7},"end":{"line":14,"column":null}},"4":{"start":{"line":8,"column":33},"end":{"line":8,"column":46}},"5":{"start":{"line":12,"column":8},"end":{"line":12,"column":43}},"6":{"start":{"line":6,"column":13},"end":{"line":6,"column":27}},"7":{"start":{"line":11,"column":10},"end":{"line":13,"column":null}},"8":{"start":{"line":6,"column":13},"end":{"line":14,"column":null}}},"fnMap":{"0":{"name":"(anonymous_4)","decl":{"start":{"line":8,"column":4},"end":{"line":8,"column":33}},"loc":{"start":{"line":8,"column":57},"end":{"line":8,"column":60}}},"1":{"name":"(anonymous_5)","decl":{"start":{"line":11,"column":4},"end":{"line":11,"column":9}},"loc":{"start":{"line":11,"column":26},"end":{"line":13,"column":5}}}},"branchMap":{},"s":{"0":1,"1":1,"2":1,"3":1,"4":2,"5":1,"6":1,"7":1,"8":1},"f":{"0":2,"1":1},"b":{}}
,"C:\\Users\\Usuario\\Documents\\MISOProyectos\\CuartoSemestre\\Métricas y calidad\\Metricas\\MISW4403_202414_E15\\src\\user\\user.module.ts": {"path":"C:\\Users\\Usuario\\Documents\\MISOProyectos\\CuartoSemestre\\Métricas y calidad\\Metricas\\MISW4403_202414_E15\\src\\user\\user.module.ts","statementMap":{"0":{"start":{"line":1,"column":0},"end":{"line":1,"column":40}},"1":{"start":{"line":2,"column":0},"end":{"line":2,"column":45}},"2":{"start":{"line":3,"column":0},"end":{"line":3,"column":51}},"3":{"start":{"line":4,"column":0},"end":{"line":4,"column":41}},"4":{"start":{"line":5,"column":0},"end":{"line":5,"column":51}},"5":{"start":{"line":11,"column":7},"end":{"line":11,"column":null}},"6":{"start":{"line":11,"column":13},"end":{"line":11,"column":23}},"7":{"start":{"line":11,"column":13},"end":{"line":11,"column":null}}},"fnMap":{},"branchMap":{},"s":{"0":0,"1":0,"2":0,"3":0,"4":0,"5":0,"6":0,"7":0},"f":{},"b":{}}
,"C:\\Users\\Usuario\\Documents\\MISOProyectos\\CuartoSemestre\\Métricas y calidad\\Metricas\\MISW4403_202414_E15\\src\\user\\user.service.ts": {"path":"C:\\Users\\Usuario\\Documents\\MISOProyectos\\CuartoSemestre\\Métricas y calidad\\Metricas\\MISW4403_202414_E15\\src\\user\\user.service.ts","statementMap":{"0":{"start":{"line":1,"column":0},"end":{"line":1,"column":44}},"1":{"start":{"line":2,"column":0},"end":{"line":2,"column":35}},"2":{"start":{"line":5,"column":7},"end":{"line":18,"column":null}},"3":{"start":{"line":6,"column":12},"end":{"line":13,"column":6}},"4":{"start":{"line":16,"column":8},"end":{"line":16,"column":67}},"5":{"start":{"line":16,"column":39},"end":{"line":16,"column":65}},"6":{"start":{"line":5,"column":13},"end":{"line":5,"column":24}},"7":{"start":{"line":5,"column":13},"end":{"line":18,"column":null}}},"fnMap":{"0":{"name":"(anonymous_1)","decl":{"start":{"line":5,"column":7},"end":{"line":5,"column":13}},"loc":{"start":{"line":5,"column":7},"end":{"line":18,"column":1}}},"1":{"name":"(anonymous_2)","decl":{"start":{"line":15,"column":4},"end":{"line":15,"column":9}},"loc":{"start":{"line":15,"column":34},"end":{"line":17,"column":5}}},"2":{"name":"(anonymous_3)","decl":{"start":{"line":16,"column":31},"end":{"line":16,"column":35}},"loc":{"start":{"line":16,"column":39},"end":{"line":16,"column":65}}}},"branchMap":{},"s":{"0":4,"1":4,"2":4,"3":4,"4":3,"5":12,"6":4,"7":4},"f":{"0":4,"1":3,"2":12},"b":{}}
,"C:\\Users\\Usuario\\Documents\\MISOProyectos\\CuartoSemestre\\Métricas y calidad\\Metricas\\MISW4403_202414_E15\\src\\user\\user\\user.ts": {"path":"C:\\Users\\Usuario\\Documents\\MISOProyectos\\CuartoSemestre\\Métricas y calidad\\Metricas\\MISW4403_202414_E15\\src\\user\\user\\user.ts","statementMap":{"0":{"start":{"line":8,"column":8},"end":{"line":8,"column":21}},"1":{"start":{"line":9,"column":8},"end":{"line":9,"column":33}},"2":{"start":{"line":10,"column":8},"end":{"line":10,"column":33}},"3":{"start":{"line":11,"column":8},"end":{"line":11,"column":27}},"4":{"start":{"line":1,"column":0},"end":{"line":1,"column":13}}},"fnMap":{"0":{"name":"(anonymous_0)","decl":{"start":{"line":7,"column":4},"end":{"line":7,"column":16}},"loc":{"start":{"line":7,"column":79},"end":{"line":12,"column":5}}}},"branchMap":{},"s":{"0":24,"1":24,"2":24,"3":24,"4":4},"f":{"0":24},"b":{}}
}
